<?xml version="1.0" encoding="UTF-8"?>
<!-- Generated by org.testng.reporters.JUnitReportReporter -->
<testsuite skipped="0" hostname="LokeshJammi-PC" name="qamavenpractice.MavenJava.DemoExampleTwoTest" tests="3" failures="0" timestamp="2020-11-09T09:42:04 IST" time="0.007" errors="0">
  <testcase name="testFour" time="0.000" classname="qamavenpractice.MavenJava.DemoExampleTwoTest"/>
  <system-out/>
  <testcase name="disableTest" time="0.007" classname="qamavenpractice.MavenJava.DemoExampleTwoTest"/>
  <system-out/>
  <testcase name="testThree" time="0.000" classname="qamavenpractice.MavenJava.DemoExampleTwoTest"/>
  <system-out/>
</testsuite> <!-- qamavenpractice.MavenJava.DemoExampleTwoTest -->
