<?xml version="1.0" encoding="UTF-8"?>
<!-- Generated by org.testng.reporters.JUnitReportReporter -->
<testsuite hostname="LokeshJammi-PC" failures="0" tests="1" name="qamavenpractice.ExtendReports.ExtendReportSingleTest" time="6.756" errors="0" timestamp="2020-11-09T10:42:04 IST" skipped="0">
  <testcase classname="qamavenpractice.ExtendReports.ExtendReportSingleTest" name="test" time="6.756"/>
  <system-out/>
</testsuite> <!-- qamavenpractice.ExtendReports.ExtendReportSingleTest -->
