<?xml version="1.0" encoding="UTF-8"?>
<!-- Generated by org.testng.reporters.JUnitReportReporter -->
<testsuite hostname="DESKTOP-BBJDODH" failures="0" tests="2" name="com.testng.practice.TestNgClassExample" time="2.055" errors="0" timestamp="2020-11-06T19:42:39 IST" skipped="0">
  <testcase classname="com.testng.practice.TestNgClassExample" name="test" time="2.054"/>
  <system-out/>
  <testcase classname="com.testng.practice.TestNgClassExample" name="test1" time="0.001"/>
  <system-out/>
</testsuite> <!-- com.testng.practice.TestNgClassExample -->
