<?xml version="1.0" encoding="UTF-8"?>
<!-- Generated by org.testng.reporters.JUnitReportReporter -->
<testsuite hostname="DESKTOP-BBJDODH" failures="0" tests="1" name="com.testng.practice.BeforeSuiteExample" time="1.954" errors="0" timestamp="2020-11-06T19:42:39 IST" skipped="0">
  <testcase classname="com.testng.practice.BeforeSuiteExample" name="test" time="1.954"/>
  <system-out/>
</testsuite> <!-- com.testng.practice.BeforeSuiteExample -->
