<?xml version="1.0" encoding="UTF-8"?>
<!-- Generated by org.testng.reporters.JUnitReportReporter -->
<testsuite hostname="DESKTOP-BBJDODH" failures="0" tests="1" name="com.testng.practice.AngularJsDemoExample" time="6.786" errors="0" timestamp="2020-11-07T07:41:55 IST" skipped="0">
  <testcase classname="com.testng.practice.AngularJsDemoExample" name="test" time="6.786"/>
  <system-out/>
</testsuite> <!-- com.testng.practice.AngularJsDemoExample -->
