<?xml version="1.0" encoding="UTF-8"?>
<!-- Generated by org.testng.reporters.JUnitReportReporter -->
<testsuite hostname="DESKTOP-BBJDODH" failures="0" tests="4" name="com.demo.project.TestNgDemoCheck" time="0.009" errors="0" timestamp="1 Nov 2020 04:14:04 GMT">
  <testcase classname="com.demo.project.TestNgDemoCheck" name="desktopLogin" time="0.006"/>
  <testcase classname="com.demo.project.TestNgDemoCheck" name="test" time="0.001"/>
  <testcase classname="com.demo.project.TestNgDemoCheck" name="sum" time="0.001"/>
  <testcase classname="com.demo.project.TestNgDemoCheck" name="webLogin" time="0.001"/>
</testsuite> <!-- com.demo.project.TestNgDemoCheck -->
