<?xml version="1.0" encoding="UTF-8"?>
<!-- Generated by org.testng.reporters.JUnitReportReporter -->
<testsuite hostname="DESKTOP-BBJDODH" failures="0" tests="1" name="com.demo.project.StreamDemoExample" time="1.466" errors="0" timestamp="4 Nov 2020 10:14:47 GMT">
  <testcase classname="com.demo.project.StreamDemoExample" name="test" time="1.466"/>
</testsuite> <!-- com.demo.project.StreamDemoExample -->
