<?xml version="1.0" encoding="UTF-8"?>
<!-- Generated by org.testng.reporters.JUnitReportReporter -->
<testsuite hostname="DESKTOP-BBJDODH" failures="0" tests="2" name="com.demo.project.First" time="0.040" errors="0" timestamp="27 Oct 2020 05:31:18 GMT">
  <testcase classname="com.demo.project.First" name="test" time="0.037"/>
  <testcase classname="com.demo.project.First" name="searchInGoogle" time="0.003"/>
</testsuite> <!-- com.demo.project.First -->
