<?xml version="1.0" encoding="UTF-8"?>
<!-- Generated by org.testng.reporters.JUnitReportReporter -->
<testsuite hostname="DESKTOP-BBJDODH" failures="0" tests="2" name="com.demo.project.TestNgListnerExample" time="0.007" errors="0" timestamp="1 Nov 2020 04:39:52 GMT">
  <testcase classname="com.demo.project.TestNgListnerExample" name="difference" time="0.006"/>
  <testcase classname="com.demo.project.TestNgListnerExample" name="sum" time="0.001"/>
</testsuite> <!-- com.demo.project.TestNgListnerExample -->
