<?xml version="1.0" encoding="UTF-8"?>
<!-- Generated by org.testng.reporters.JUnitReportReporter -->
<testsuite hostname="DESKTOP-BBJDODH" failures="0" tests="1" name="qamavenpractice.MavenJava.DemoExampleOneTest" time="0.006" errors="0" timestamp="2020-11-07T11:17:58 IST" skipped="0">
  <testcase classname="qamavenpractice.MavenJava.DemoExampleOneTest" name="testOne" time="0.006"/>
  <system-out/>
</testsuite> <!-- qamavenpractice.MavenJava.DemoExampleOneTest -->
