<?xml version="1.0" encoding="UTF-8"?>
<!-- Generated by org.testng.reporters.JUnitReportReporter -->
<testsuite hostname="DESKTOP-BBJDODH" failures="0" tests="2" name="qamavenpractice.MavenJava.DemoExampleTwoTest" time="0.005" errors="0" timestamp="2020-11-07T11:18:11 IST" skipped="0">
  <testcase classname="qamavenpractice.MavenJava.DemoExampleTwoTest" name="testThree" time="0.000"/>
  <system-out/>
  <testcase classname="qamavenpractice.MavenJava.DemoExampleTwoTest" name="testFour" time="0.005"/>
  <system-out/>
</testsuite> <!-- qamavenpractice.MavenJava.DemoExampleTwoTest -->
